<?xml version="1.0" encoding="UTF-8"?>
<!-- Generated by org.testng.reporters.JUnitReportReporter -->
<testsuite hostname="MIIPL_ON_Akshay_Pote" failures="0" tests="1" name="TestCases.MainExecute" time="24.660" errors="0" timestamp="2021-12-28T16:33:26 IST" skipped="0">
  <testcase classname="TestCases.MainExecute" name="TestCase" time="24.660"/>
  <system-out/>
</testsuite> <!-- TestCases.MainExecute -->
